# JRE version: OpenJDK Runtime Environment Temurin-17.0.10+7 (17.0.10+7) (build 17.0.10+7)
# Java VM: OpenJDK 64-Bit Server VM Temurin-17.0.10+7 (17.0.10+7, mixed mode, emulated-client, tiered, compressed oops, compressed class ptrs, g1 gc, windows-amd64)
GC Precious Log:
 CPUs: 8 total, 8 available
 Memory: 32467M
 Large Page Support: Disabled
 NUMA Support: Disabled
 Compressed Oops: Enabled (32-bit)
 Heap Region Size: 1M
 Heap Min Capacity: 8M
 Heap Initial Capacity: 508M
 Heap Max Capacity: 1G
 Pre-touch: Disabled
 Parallel Workers: 8
 Concurrent Workers: 2
 Concurrent Refinement Workers: 8
 Periodic GC: Disabled
Heap:
 garbage-first heap   total 109568K, used 74794K [0x00000000c0000000, 0x0000000100000000)
  region size 1024K, 19 young (19456K), 1 survivors (1024K)
 Metaspace       used 59248K, committed 59776K, reserved 1114112K
  class space    used 7469K, committed 7744K, reserved 1048576K
GC Heap History (20 events):
Event: 13808.835 GC heap before
{Heap before GC invocations=1236 (full 476):
 garbage-first heap   total 109568K, used 91883K [0x00000000c0000000, 0x0000000100000000)
  region size 1024K, 36 young (36864K), 2 survivors (2048K)
 Metaspace       used 59246K, committed 59776K, reserved 1114112K
  class space    used 7469K, committed 7744K, reserved 1048576K
}
Event: 13808.837 GC heap after
{Heap after GC invocations=1237 (full 476):
 garbage-first heap   total 109568K, used 58392K [0x00000000c0000000, 0x0000000100000000)
  region size 1024K, 2 young (2048K), 2 survivors (2048K)
 Metaspace       used 59246K, committed 59776K, reserved 1114112K
  class space    used 7469K, committed 7744K, reserved 1048576K
}
Event: 13810.163 GC heap before
{Heap before GC invocations=1237 (full 476):
 garbage-first heap   total 109568K, used 93208K [0x00000000c0000000, 0x0000000100000000)
  region size 1024K, 36 young (36864K), 2 survivors (2048K)
 Metaspace       used 59246K, committed 59776K, reserved 1114112K
  class space    used 7469K, committed 7744K, reserved 1048576K
}
Event: 13810.164 GC heap after
{Heap after GC invocations=1238 (full 476):
 garbage-first heap   total 109568K, used 57664K [0x00000000c0000000, 0x0000000100000000)
  region size 1024K, 1 young (1024K), 1 survivors (1024K)
 Metaspace       used 59246K, committed 59776K, reserved 1114112K
  class space    used 7469K, committed 7744K, reserved 1048576K
}
Event: 13811.418 GC heap before
{Heap before GC invocations=1238 (full 476):
 garbage-first heap   total 109568K, used 92480K [0x00000000c0000000, 0x0000000100000000)
  region size 1024K, 36 young (36864K), 1 survivors (1024K)
 Metaspace       used 59246K, committed 59776K, reserved 1114112K
  class space    used 7469K, committed 7744K, reserved 1048576K
}
Event: 13811.420 GC heap after
{Heap after GC invocations=1239 (full 476):
 garbage-first heap   total 109568K, used 57684K [0x00000000c0000000, 0x0000000100000000)
  region size 1024K, 1 young (1024K), 1 survivors (1024K)
 Metaspace       used 59246K, committed 59776K, reserved 1114112K
  class space    used 7469K, committed 7744K, reserved 1048576K
}
Event: 13813.710 GC heap before
{Heap before GC invocations=1239 (full 476):
 garbage-first heap   total 109568K, used 93524K [0x00000000c0000000, 0x0000000100000000)
  region size 1024K, 36 young (36864K), 1 survivors (1024K)
 Metaspace       used 59246K, committed 59776K, reserved 1114112K
  class space    used 7469K, committed 7744K, reserved 1048576K
}
Event: 13813.711 GC heap after
{Heap after GC invocations=1240 (full 476):
 garbage-first heap   total 109568K, used 57385K [0x00000000c0000000, 0x0000000100000000)
  region size 1024K, 1 young (1024K), 1 survivors (1024K)
 Metaspace       used 59246K, committed 59776K, reserved 1114112K
  class space    used 7469K, committed 7744K, reserved 1048576K
}
Event: 13814.871 GC heap before
{Heap before GC invocations=1240 (full 476):
 garbage-first heap   total 109568K, used 92201K [0x00000000c0000000, 0x0000000100000000)
  region size 1024K, 36 young (36864K), 1 survivors (1024K)
 Metaspace       used 59248K, committed 59776K, reserved 1114112K
  class space    used 7469K, committed 7744K, reserved 1048576K
}
Event: 13814.873 GC heap after
{Heap after GC invocations=1241 (full 476):
 garbage-first heap   total 109568K, used 58330K [0x00000000c0000000, 0x0000000100000000)
  region size 1024K, 2 young (2048K), 2 survivors (2048K)
 Metaspace       used 59248K, committed 59776K, reserved 1114112K
  class space    used 7469K, committed 7744K, reserved 1048576K
}
Event: 13818.374 GC heap before
{Heap before GC invocations=1241 (full 476):
 garbage-first heap   total 109568K, used 93146K [0x00000000c0000000, 0x0000000100000000)
  region size 1024K, 36 young (36864K), 2 survivors (2048K)
 Metaspace       used 59248K, committed 59776K, reserved 1114112K
  class space    used 7469K, committed 7744K, reserved 1048576K
}
Event: 13818.376 GC heap after
{Heap after GC invocations=1242 (full 476):
 garbage-first heap   total 109568K, used 57588K [0x00000000c0000000, 0x0000000100000000)
  region size 1024K, 1 young (1024K), 1 survivors (1024K)
 Metaspace       used 59248K, committed 59776K, reserved 1114112K
  class space    used 7469K, committed 7744K, reserved 1048576K
}
Event: 13822.774 GC heap before
{Heap before GC invocations=1242 (full 476):
 garbage-first heap   total 109568K, used 93428K [0x00000000c0000000, 0x0000000100000000)
  region size 1024K, 36 young (36864K), 1 survivors (1024K)
 Metaspace       used 59248K, committed 59776K, reserved 1114112K
  class space    used 7469K, committed 7744K, reserved 1048576K
}
Event: 13822.776 GC heap after
{Heap after GC invocations=1243 (full 476):
 garbage-first heap   total 109568K, used 58949K [0x00000000c0000000, 0x0000000100000000)
  region size 1024K, 2 young (2048K), 2 survivors (2048K)
 Metaspace       used 59248K, committed 59776K, reserved 1114112K
  class space    used 7469K, committed 7744K, reserved 1048576K
}
Event: 13824.636 GC heap before
{Heap before GC invocations=1243 (full 476):
 garbage-first heap   total 109568K, used 92741K [0x00000000c0000000, 0x0000000100000000)
  region size 1024K, 35 young (35840K), 2 survivors (2048K)
 Metaspace       used 59248K, committed 59776K, reserved 1114112K
  class space    used 7469K, committed 7744K, reserved 1048576K
}
Event: 13824.637 GC heap after
{Heap after GC invocations=1244 (full 476):
 garbage-first heap   total 109568K, used 58758K [0x00000000c0000000, 0x0000000100000000)
  region size 1024K, 2 young (2048K), 2 survivors (2048K)
 Metaspace       used 59248K, committed 59776K, reserved 1114112K
  class space    used 7469K, committed 7744K, reserved 1048576K
}
Event: 13826.470 GC heap before
{Heap before GC invocations=1244 (full 476):
 garbage-first heap   total 109568K, used 92550K [0x00000000c0000000, 0x0000000100000000)
  region size 1024K, 35 young (35840K), 2 survivors (2048K)
 Metaspace       used 59248K, committed 59776K, reserved 1114112K
  class space    used 7469K, committed 7744K, reserved 1048576K
}
Event: 13826.471 GC heap after
{Heap after GC invocations=1245 (full 476):
 garbage-first heap   total 109568K, used 57821K [0x00000000c0000000, 0x0000000100000000)
  region size 1024K, 1 young (1024K), 1 survivors (1024K)
 Metaspace       used 59248K, committed 59776K, reserved 1114112K
  class space    used 7469K, committed 7744K, reserved 1048576K
}
Event: 13829.451 GC heap before
{Heap before GC invocations=1245 (full 476):
 garbage-first heap   total 109568K, used 92637K [0x00000000c0000000, 0x0000000100000000)
  region size 1024K, 35 young (35840K), 1 survivors (1024K)
 Metaspace       used 59248K, committed 59776K, reserved 1114112K
  class space    used 7469K, committed 7744K, reserved 1048576K
}
Event: 13829.453 GC heap after
{Heap after GC invocations=1246 (full 476):
 garbage-first heap   total 109568K, used 57386K [0x00000000c0000000, 0x0000000100000000)
  region size 1024K, 1 young (1024K), 1 survivors (1024K)
 Metaspace       used 59248K, committed 59776K, reserved 1114112K
  class space    used 7469K, committed 7744K, reserved 1048576K
}

